C:\Users\flame\Source\Workspaces\RealStatePS\RealStatePS\RealStatePS\wwwroot\clientapp\out-tsc\app\helpers\MyErrorStateMatcher.js
C:\Users\flame\Source\Workspaces\RealStatePS\RealStatePS\RealStatePS\wwwroot\clientapp\out-tsc\app\helpers\MyErrorStateMatcher.js.map
C:\Users\flame\Source\Workspaces\RealStatePS\RealStatePS\RealStatePS\wwwroot\clientapp\out-tsc\app\app.global.js
C:\Users\flame\Source\Workspaces\RealStatePS\RealStatePS\RealStatePS\wwwroot\clientapp\out-tsc\app\app.global.js.map
C:\Users\flame\Source\Workspaces\RealStatePS\RealStatePS\RealStatePS\wwwroot\clientapp\out-tsc\app\service\login.service.js
C:\Users\flame\Source\Workspaces\RealStatePS\RealStatePS\RealStatePS\wwwroot\clientapp\out-tsc\app\service\login.service.js.map
C:\Users\flame\Source\Workspaces\RealStatePS\RealStatePS\RealStatePS\wwwroot\clientapp\out-tsc\app\service\toaster.service.js
C:\Users\flame\Source\Workspaces\RealStatePS\RealStatePS\RealStatePS\wwwroot\clientapp\out-tsc\app\service\toaster.service.js.map
C:\Users\flame\Source\Workspaces\RealStatePS\RealStatePS\RealStatePS\wwwroot\clientapp\out-tsc\app\components\shared\login.component.js
C:\Users\flame\Source\Workspaces\RealStatePS\RealStatePS\RealStatePS\wwwroot\clientapp\out-tsc\app\components\shared\login.component.js.map
C:\Users\flame\Source\Workspaces\RealStatePS\RealStatePS\RealStatePS\wwwroot\clientapp\out-tsc\app\model\user.model.js
C:\Users\flame\Source\Workspaces\RealStatePS\RealStatePS\RealStatePS\wwwroot\clientapp\out-tsc\app\model\user.model.js.map
C:\Users\flame\Source\Workspaces\RealStatePS\RealStatePS\RealStatePS\wwwroot\clientapp\out-tsc\app\service\property.service.js
C:\Users\flame\Source\Workspaces\RealStatePS\RealStatePS\RealStatePS\wwwroot\clientapp\out-tsc\app\service\property.service.js.map
C:\Users\flame\Source\Workspaces\RealStatePS\RealStatePS\RealStatePS\wwwroot\clientapp\out-tsc\app\components\shared\welcome.component.js
C:\Users\flame\Source\Workspaces\RealStatePS\RealStatePS\RealStatePS\wwwroot\clientapp\out-tsc\app\components\shared\welcome.component.js.map
C:\Users\flame\Source\Workspaces\RealStatePS\RealStatePS\RealStatePS\wwwroot\clientapp\out-tsc\app\app.component.js
C:\Users\flame\Source\Workspaces\RealStatePS\RealStatePS\RealStatePS\wwwroot\clientapp\out-tsc\app\app.component.js.map
C:\Users\flame\Source\Workspaces\RealStatePS\RealStatePS\RealStatePS\wwwroot\clientapp\out-tsc\app\model\selectOption.model.js
C:\Users\flame\Source\Workspaces\RealStatePS\RealStatePS\RealStatePS\wwwroot\clientapp\out-tsc\app\model\selectOption.model.js.map
C:\Users\flame\Source\Workspaces\RealStatePS\RealStatePS\RealStatePS\wwwroot\clientapp\out-tsc\app\service\propertyType.service.js
C:\Users\flame\Source\Workspaces\RealStatePS\RealStatePS\RealStatePS\wwwroot\clientapp\out-tsc\app\service\propertyType.service.js.map
C:\Users\flame\Source\Workspaces\RealStatePS\RealStatePS\RealStatePS\wwwroot\clientapp\out-tsc\app\service\propertyOperation.service.js
C:\Users\flame\Source\Workspaces\RealStatePS\RealStatePS\RealStatePS\wwwroot\clientapp\out-tsc\app\service\propertyOperation.service.js.map
C:\Users\flame\Source\Workspaces\RealStatePS\RealStatePS\RealStatePS\wwwroot\clientapp\out-tsc\app\model\property.model.js
C:\Users\flame\Source\Workspaces\RealStatePS\RealStatePS\RealStatePS\wwwroot\clientapp\out-tsc\app\model\property.model.js.map
C:\Users\flame\Source\Workspaces\RealStatePS\RealStatePS\RealStatePS\wwwroot\clientapp\out-tsc\app\components\home\home.component.js
C:\Users\flame\Source\Workspaces\RealStatePS\RealStatePS\RealStatePS\wwwroot\clientapp\out-tsc\app\components\home\home.component.js.map
C:\Users\flame\Source\Workspaces\RealStatePS\RealStatePS\RealStatePS\wwwroot\clientapp\out-tsc\app\service\register.service.js
C:\Users\flame\Source\Workspaces\RealStatePS\RealStatePS\RealStatePS\wwwroot\clientapp\out-tsc\app\service\register.service.js.map
C:\Users\flame\Source\Workspaces\RealStatePS\RealStatePS\RealStatePS\wwwroot\clientapp\out-tsc\app\model\cropImage.model.js
C:\Users\flame\Source\Workspaces\RealStatePS\RealStatePS\RealStatePS\wwwroot\clientapp\out-tsc\app\model\cropImage.model.js.map
C:\Users\flame\Source\Workspaces\RealStatePS\RealStatePS\RealStatePS\wwwroot\clientapp\out-tsc\app\components\shared\cut-image.component.js
C:\Users\flame\Source\Workspaces\RealStatePS\RealStatePS\RealStatePS\wwwroot\clientapp\out-tsc\app\components\shared\cut-image.component.js.map
C:\Users\flame\Source\Workspaces\RealStatePS\RealStatePS\RealStatePS\wwwroot\clientapp\out-tsc\app\components\shared\register.component.js
C:\Users\flame\Source\Workspaces\RealStatePS\RealStatePS\RealStatePS\wwwroot\clientapp\out-tsc\app\components\shared\register.component.js.map
C:\Users\flame\Source\Workspaces\RealStatePS\RealStatePS\RealStatePS\wwwroot\clientapp\out-tsc\app\service\user.service.js
C:\Users\flame\Source\Workspaces\RealStatePS\RealStatePS\RealStatePS\wwwroot\clientapp\out-tsc\app\service\user.service.js.map
C:\Users\flame\Source\Workspaces\RealStatePS\RealStatePS\RealStatePS\wwwroot\clientapp\out-tsc\app\service\propertyDetail.service.js
C:\Users\flame\Source\Workspaces\RealStatePS\RealStatePS\RealStatePS\wwwroot\clientapp\out-tsc\app\service\propertyDetail.service.js.map
C:\Users\flame\Source\Workspaces\RealStatePS\RealStatePS\RealStatePS\wwwroot\clientapp\out-tsc\app\components\publish\publish.component.js
C:\Users\flame\Source\Workspaces\RealStatePS\RealStatePS\RealStatePS\wwwroot\clientapp\out-tsc\app\components\publish\publish.component.js.map
C:\Users\flame\Source\Workspaces\RealStatePS\RealStatePS\RealStatePS\wwwroot\clientapp\out-tsc\app\components\shared\send-property.component.js
C:\Users\flame\Source\Workspaces\RealStatePS\RealStatePS\RealStatePS\wwwroot\clientapp\out-tsc\app\components\shared\send-property.component.js.map
C:\Users\flame\Source\Workspaces\RealStatePS\RealStatePS\RealStatePS\wwwroot\clientapp\out-tsc\app\components\property\property.component.js
C:\Users\flame\Source\Workspaces\RealStatePS\RealStatePS\RealStatePS\wwwroot\clientapp\out-tsc\app\components\property\property.component.js.map
C:\Users\flame\Source\Workspaces\RealStatePS\RealStatePS\RealStatePS\wwwroot\clientapp\out-tsc\app\components\property\property-detail.component.js
C:\Users\flame\Source\Workspaces\RealStatePS\RealStatePS\RealStatePS\wwwroot\clientapp\out-tsc\app\components\property\property-detail.component.js.map
C:\Users\flame\Source\Workspaces\RealStatePS\RealStatePS\RealStatePS\wwwroot\clientapp\out-tsc\app\components\property\property-update.component.js
C:\Users\flame\Source\Workspaces\RealStatePS\RealStatePS\RealStatePS\wwwroot\clientapp\out-tsc\app\components\property\property-update.component.js.map
C:\Users\flame\Source\Workspaces\RealStatePS\RealStatePS\RealStatePS\wwwroot\clientapp\out-tsc\app\components\profile\profile.component.js
C:\Users\flame\Source\Workspaces\RealStatePS\RealStatePS\RealStatePS\wwwroot\clientapp\out-tsc\app\components\profile\profile.component.js.map
C:\Users\flame\Source\Workspaces\RealStatePS\RealStatePS\RealStatePS\wwwroot\clientapp\out-tsc\app\components\shared\account-activate.component.js
C:\Users\flame\Source\Workspaces\RealStatePS\RealStatePS\RealStatePS\wwwroot\clientapp\out-tsc\app\components\shared\account-activate.component.js.map
C:\Users\flame\Source\Workspaces\RealStatePS\RealStatePS\RealStatePS\wwwroot\clientapp\out-tsc\app\components\shared\password-change.component.js
C:\Users\flame\Source\Workspaces\RealStatePS\RealStatePS\RealStatePS\wwwroot\clientapp\out-tsc\app\components\shared\password-change.component.js.map
C:\Users\flame\Source\Workspaces\RealStatePS\RealStatePS\RealStatePS\wwwroot\clientapp\out-tsc\app\components\legal\privacity.component.js
C:\Users\flame\Source\Workspaces\RealStatePS\RealStatePS\RealStatePS\wwwroot\clientapp\out-tsc\app\components\legal\privacity.component.js.map
C:\Users\flame\Source\Workspaces\RealStatePS\RealStatePS\RealStatePS\wwwroot\clientapp\out-tsc\app\components\legal\terms.component.js
C:\Users\flame\Source\Workspaces\RealStatePS\RealStatePS\RealStatePS\wwwroot\clientapp\out-tsc\app\components\legal\terms.component.js.map
C:\Users\flame\Source\Workspaces\RealStatePS\RealStatePS\RealStatePS\wwwroot\clientapp\out-tsc\app\components\account\user.component.js
C:\Users\flame\Source\Workspaces\RealStatePS\RealStatePS\RealStatePS\wwwroot\clientapp\out-tsc\app\components\account\user.component.js.map
C:\Users\flame\Source\Workspaces\RealStatePS\RealStatePS\RealStatePS\wwwroot\clientapp\out-tsc\app\app.route.js
C:\Users\flame\Source\Workspaces\RealStatePS\RealStatePS\RealStatePS\wwwroot\clientapp\out-tsc\app\app.route.js.map
C:\Users\flame\Source\Workspaces\RealStatePS\RealStatePS\RealStatePS\wwwroot\clientapp\out-tsc\app\model\currentUser.model.js
C:\Users\flame\Source\Workspaces\RealStatePS\RealStatePS\RealStatePS\wwwroot\clientapp\out-tsc\app\model\currentUser.model.js.map
C:\Users\flame\Source\Workspaces\RealStatePS\RealStatePS\RealStatePS\wwwroot\clientapp\out-tsc\app\helpers\jwt.interceptor.js
C:\Users\flame\Source\Workspaces\RealStatePS\RealStatePS\RealStatePS\wwwroot\clientapp\out-tsc\app\helpers\jwt.interceptor.js.map
C:\Users\flame\Source\Workspaces\RealStatePS\RealStatePS\RealStatePS\wwwroot\clientapp\out-tsc\app\helpers\error.interceptor.js
C:\Users\flame\Source\Workspaces\RealStatePS\RealStatePS\RealStatePS\wwwroot\clientapp\out-tsc\app\helpers\error.interceptor.js.map
C:\Users\flame\Source\Workspaces\RealStatePS\RealStatePS\RealStatePS\wwwroot\clientapp\out-tsc\app\app.module.js
C:\Users\flame\Source\Workspaces\RealStatePS\RealStatePS\RealStatePS\wwwroot\clientapp\out-tsc\app\app.module.js.map
C:\Users\flame\Source\Workspaces\RealStatePS\RealStatePS\RealStatePS\wwwroot\clientapp\out-tsc\environments\environment.js
C:\Users\flame\Source\Workspaces\RealStatePS\RealStatePS\RealStatePS\wwwroot\clientapp\out-tsc\environments\environment.js.map
C:\Users\flame\Source\Workspaces\RealStatePS\RealStatePS\RealStatePS\wwwroot\clientapp\out-tsc\main.js
C:\Users\flame\Source\Workspaces\RealStatePS\RealStatePS\RealStatePS\wwwroot\clientapp\out-tsc\main.js.map
C:\Users\flame\Source\Workspaces\RealStatePS\RealStatePS\RealStatePS\wwwroot\clientapp\out-tsc\polyfills.js
C:\Users\flame\Source\Workspaces\RealStatePS\RealStatePS\RealStatePS\wwwroot\clientapp\out-tsc\polyfills.js.map
C:\Users\flame\Source\Workspaces\RealStatePS\RealStatePS\RealStatePS\wwwroot\clientapp\out-tsc\test.js
C:\Users\flame\Source\Workspaces\RealStatePS\RealStatePS\RealStatePS\wwwroot\clientapp\out-tsc\test.js.map
C:\Users\flame\Source\Workspaces\RealStatePS\RealStatePS\RealStatePS\wwwroot\clientapp\out-tsc\app\app.component.spec.js
C:\Users\flame\Source\Workspaces\RealStatePS\RealStatePS\RealStatePS\wwwroot\clientapp\out-tsc\app\app.component.spec.js.map
C:\Users\flame\Source\Workspaces\RealStatePS\RealStatePS\RealStatePS\wwwroot\clientapp\out-tsc\app\model\login.model.js
C:\Users\flame\Source\Workspaces\RealStatePS\RealStatePS\RealStatePS\wwwroot\clientapp\out-tsc\app\model\login.model.js.map
C:\Users\flame\Source\Workspaces\RealStatePS\RealStatePS\RealStatePS\wwwroot\clientapp\out-tsc\environments\environment.prod.js
C:\Users\flame\Source\Workspaces\RealStatePS\RealStatePS\RealStatePS\wwwroot\clientapp\out-tsc\environments\environment.prod.js.map
